Error: CCI compilation error -Action.c (21): illegal expression
.	[MsgId: MERR-19799]
Error: CCI compilation error -Action.c (21): syntax error; found `fid' expecting `)'
.	[MsgId: MERR-19799]
Error: CCI compilation error -Action.c (21): syntax error; found `fid' expecting `;'
.	[MsgId: MERR-19799]
Error: CCI compilation error -Action.c (21): undeclared identifier `fid'
.	[MsgId: MERR-19799]
Error: CCI compilation error -Action.c (21): syntax error; found `}' expecting `;'
.	[MsgId: MERR-19799]
Error: CCI compilation error -Action.c (21): illegal statement termination
.	[MsgId: MERR-19799]
Error: CCI compilation error -Action.c (21): skipping `,'
.	[MsgId: MERR-19799]
Error: CCI compilation error -Action.c (21): syntax error; found `)' expecting `;'
.	[MsgId: MERR-19799]
Error: CCI compilation error -Action.c (21): illegal statement termination
.	[MsgId: MERR-19799]
Error: CCI compilation error -Action.c (21): skipping `)'
.	[MsgId: MERR-19799]
Error: CCI compilation error -Action.c (24): unrecognized declaration
.	[MsgId: MERR-19799]
Error: CCI compilation error -Action.c (24): unrecognized declaration
.	[MsgId: MERR-19799]
Error: CCI compilation error -Action.c (24): warning: empty declaration
.	[MsgId: MERR-19799]
Error: CCI compilation error -Action.c (25): unrecognized declaration
.	[MsgId: MERR-19799]
Error: CCI compilation error -c:\\documents and settings\\administrator\\local settings\\temp\\noname8\\\\combined_noname8.c (5): 13 errors, not writing pre_cci.ci
.	[MsgId: MERR-19799]
Error: Vuser compilation failed.	[MsgId: MERR-19800]
Warning: Extension cciext.dll reports error -19800 on call to function ExtPerProcessInitialize	[MsgId: MWAR-10485]
Error: Thread Context: Call to service of the driver failed, reason - thread context wasn't initialized on this thread.	[MsgId: MERR-10176]
